<?xml version="1.0" encoding="UTF-8"?>
<coverage generated="1759056235844" clover="3.2.0">
  <project timestamp="1759056235844" name="All files">
    <metrics statements="27" coveredstatements="24" conditionals="2" coveredconditionals="1" methods="6" coveredmethods="6" elements="35" coveredelements="31" complexity="0" loc="27" ncloc="27" packages="4" files="5" classes="5"/>
    <package name="handlers">
      <metrics statements="21" coveredstatements="18" conditionals="2" coveredconditionals="1" methods="2" coveredmethods="2"/>
      <file name="getProductById.ts" path="/Users/varpet/Desktop/copilot/cloudx-be-repo/infra/lambda/handlers/getProductById.ts">
        <metrics statements="13" coveredstatements="11" conditionals="2" coveredconditionals="1" methods="1" coveredmethods="1"/>
        <line num="1" count="1" type="stmt"/>
        <line num="2" count="1" type="stmt"/>
        <line num="5" count="1" type="stmt"/>
        <line num="7" count="1" type="stmt"/>
        <line num="8" count="2" type="stmt"/>
        <line num="9" count="2" type="stmt"/>
        <line num="10" count="2" type="cond" truecount="0" falsecount="1"/>
        <line num="11" count="0" type="stmt"/>
        <line num="14" count="2" type="stmt"/>
        <line num="15" count="2" type="cond" truecount="1" falsecount="0"/>
        <line num="16" count="1" type="stmt"/>
        <line num="19" count="1" type="stmt"/>
        <line num="21" count="0" type="stmt"/>
      </file>
      <file name="getProductList.ts" path="/Users/varpet/Desktop/copilot/cloudx-be-repo/infra/lambda/handlers/getProductList.ts">
        <metrics statements="8" coveredstatements="7" conditionals="0" coveredconditionals="0" methods="1" coveredmethods="1"/>
        <line num="2" count="1" type="stmt"/>
        <line num="3" count="1" type="stmt"/>
        <line num="5" count="1" type="stmt"/>
        <line num="7" count="1" type="stmt"/>
        <line num="8" count="1" type="stmt"/>
        <line num="9" count="1" type="stmt"/>
        <line num="10" count="1" type="stmt"/>
        <line num="12" count="0" type="stmt"/>
      </file>
    </package>
    <package name="mock">
      <metrics statements="1" coveredstatements="1" conditionals="0" coveredconditionals="0" methods="0" coveredmethods="0"/>
      <file name="products.ts" path="/Users/varpet/Desktop/copilot/cloudx-be-repo/infra/lambda/mock/products.ts">
        <metrics statements="1" coveredstatements="1" conditionals="0" coveredconditionals="0" methods="0" coveredmethods="0"/>
        <line num="3" count="2" type="stmt"/>
      </file>
    </package>
    <package name="services">
      <metrics statements="4" coveredstatements="4" conditionals="0" coveredconditionals="0" methods="3" coveredmethods="3"/>
      <file name="roductService.ts" path="/Users/varpet/Desktop/copilot/cloudx-be-repo/infra/lambda/services/roductService.ts">
        <metrics statements="4" coveredstatements="4" conditionals="0" coveredconditionals="0" methods="3" coveredmethods="3"/>
        <line num="2" count="2" type="stmt"/>
        <line num="4" count="2" type="stmt"/>
        <line num="6" count="1" type="stmt"/>
        <line num="10" count="4" type="stmt"/>
      </file>
    </package>
    <package name="utils">
      <metrics statements="1" coveredstatements="1" conditionals="0" coveredconditionals="0" methods="1" coveredmethods="1"/>
      <file name="response.ts" path="/Users/varpet/Desktop/copilot/cloudx-be-repo/infra/lambda/utils/response.ts">
        <metrics statements="1" coveredstatements="1" conditionals="0" coveredconditionals="0" methods="1" coveredmethods="1"/>
        <line num="1" count="3" type="stmt"/>
      </file>
    </package>
  </project>
</coverage>
