TN:
SF:lambda/handlers/getProductById.ts
FN:7,(anonymous_0)
FNF:1
FNH:1
FNDA:2,(anonymous_0)
DA:1,1
DA:2,1
DA:5,1
DA:7,1
DA:8,2
DA:9,2
DA:10,2
DA:11,0
DA:14,2
DA:15,2
DA:16,1
DA:19,1
DA:21,0
LF:13
LH:11
BRDA:10,0,0,0
BRDA:15,1,0,1
BRF:2
BRH:1
end_of_record
TN:
SF:lambda/handlers/getProductList.ts
FN:7,(anonymous_0)
FNF:1
FNH:1
FNDA:1,(anonymous_0)
DA:2,1
DA:3,1
DA:5,1
DA:7,1
DA:8,1
DA:9,1
DA:10,1
DA:12,0
LF:8
LH:7
BRF:0
BRH:0
end_of_record
TN:
SF:lambda/mock/products.ts
FNF:0
FNH:0
DA:3,2
LF:1
LH:1
BRF:0
BRH:0
end_of_record
TN:
SF:lambda/services/roductService.ts
FN:5,(anonymous_0)
FN:9,(anonymous_1)
FN:10,(anonymous_2)
FNF:3
FNH:3
FNDA:1,(anonymous_0)
FNDA:2,(anonymous_1)
FNDA:4,(anonymous_2)
DA:2,2
DA:4,2
DA:6,1
DA:10,4
LF:4
LH:4
BRF:0
BRH:0
end_of_record
TN:
SF:lambda/utils/response.ts
FN:1,(anonymous_0)
FNF:1
FNH:1
FNDA:3,(anonymous_0)
DA:1,3
LF:1
LH:1
BRF:0
BRH:0
end_of_record
